2024-03-29 11:12:07.394 [main] DEBUG ru.cornivella.discord.math.parser.Parser - New pareser state with At 0 in '2+2' with word ', waiting for Numberfinal expression compilation.
2024-03-29 11:15:17.359 [main] DEBUG ru.cornivella.discord.math.parser.Parser - New pareser state with At 0 in '2+2' with word ', waiting for Numberfinal expression compilation.
2024-03-29 11:17:39.991 [main] DEBUG ru.cornivella.discord.math.parser.Parser - New pareser state with At 0 in '2+2' with value ''', waiting for Numberfinal expression compilation.
2024-03-29 11:19:25.758 [main] DEBUG ru.cornivella.discord.math.parser.Parser - New pareser state with At 0 in '2+2' with value ''', waiting for Numberfinal expression compilation.
2024-03-29 11:19:39.042 [main] DEBUG ru.cornivella.discord.math.parser.Parser - New pareser state with At 0 in '2+2+3' with value ''', waiting for Numberfinal expression compilation.
2024-03-29 11:27:03.212 [main] DEBUG ru.cornivella.discord.math.parser.Parser - New pareser state with At 0 in '2*2' with value '', waiting for Numberfinal expression compilation.
2024-03-29 11:27:24.326 [main] DEBUG ru.cornivella.discord.math.parser.Parser - New pareser state with At 2 in '2*2' with value '', waiting for Numberfinal expression compilation.
2024-03-29 11:32:26.652 [main] DEBUG ru.cornivella.discord.math.parser.Parser - New pareser state with At 0 in '2*2' with value '', waiting for Numberfinal expression compilation.
2024-03-29 11:32:28.399 [main] DEBUG ru.cornivella.discord.math.parser.Parser - New pareser state with At 2 in '2*2' with value '', waiting for Numberfinal expression compilation.
2024-03-29 11:44:13.475 [main] DEBUG ru.cornivella.discord.math.parser.Parser - New parser state with At 0 in '2*2' with value '', waiting for Number final expression compilation.
2024-03-29 11:44:15.906 [main] DEBUG ru.cornivella.discord.math.parser.Parser - New parser state with At 2 in '2*2' with value '', waiting for Number final expression compilation.
2024-03-29 11:49:20.590 [main] DEBUG ru.cornivella.discord.math.parser.Parser - New parser state with At 0 in '2+(2+2)' with value '', waiting for Number final expression compilation.
2024-03-29 11:49:21.350 [main] DEBUG ru.cornivella.discord.math.parser.Parser - New parser state with At 3 in '2+(2+2)' with value '', waiting for Number final expression compilation.
2024-03-29 11:51:42.300 [main] DEBUG ru.cornivella.discord.math.parser.Parser - New parser state with At 0 in '2+(2+2)' with value '', waiting for Number final expression compilation.
2024-03-29 11:51:43.277 [main] DEBUG ru.cornivella.discord.math.parser.Parser - New parser state with At 3 in '2+(2+2)' with value '', waiting for Number final expression compilation.
2024-03-29 11:54:30.576 [main] DEBUG ru.cornivella.discord.math.parser.Parser - New parser state with At 0 in '2+(2*3)' with value '', waiting for Number final expression compilation.
2024-03-29 11:54:32.045 [main] DEBUG ru.cornivella.discord.math.parser.Parser - New parser state with At 3 in '2+(2*3)' with value '', waiting for Number final expression compilation.
2024-03-29 11:54:34.423 [main] DEBUG ru.cornivella.discord.math.parser.Parser - New parser state with At 5 in '2+(2*3)' with value '', waiting for Number final expression compilation.
2024-03-29 12:03:14.148 [main] DEBUG ru.cornivella.discord.math.parser.Parser - New parser state with At 0 in '2+(2*3)' with value '', waiting for Number final expression compilation.
2024-03-29 12:03:16.527 [main] DEBUG ru.cornivella.discord.math.parser.Parser - New parser state with At 3 in '2+(2*3)' with value '', waiting for Number final expression compilation.
2024-03-29 12:03:18.853 [main] DEBUG ru.cornivella.discord.math.parser.Parser - New parser state with At 5 in '2+(2*3)' with value '', waiting for Number final expression compilation.
2024-03-29 12:05:48.274 [main] DEBUG ru.cornivella.discord.math.parser.Parser - New parser state with At 0 in '2+(2+2)' with value '', waiting for Number final expression compilation.
2024-03-29 12:05:48.920 [main] DEBUG ru.cornivella.discord.math.parser.Parser - New parser state with At 3 in '2+(2+2)' with value '', waiting for Number final expression compilation.
2024-03-29 12:06:19.422 [main] DEBUG ru.cornivella.discord.math.parser.Parser - New parser state with At 0 in '12/2' with value '', waiting for Number final expression compilation.
2024-03-29 12:06:20.645 [main] DEBUG ru.cornivella.discord.math.parser.Parser - New parser state with At 3 in '12/2' with value '', waiting for Number final expression compilation.
2024-03-29 12:06:36.976 [main] DEBUG ru.cornivella.discord.math.parser.Parser - New parser state with At 0 in '12/(1+1)' with value '', waiting for Number final expression compilation.
2024-03-29 12:06:38.594 [main] DEBUG ru.cornivella.discord.math.parser.Parser - New parser state with At 3 in '12/(1+1)' with value '', waiting for Number final expression compilation.
2024-03-29 12:06:39.113 [main] DEBUG ru.cornivella.discord.math.parser.Parser - New parser state with At 4 in '12/(1+1)' with value '', waiting for Number final expression compilation.
2024-03-29 12:06:42.159 [main] DEBUG ru.cornivella.discord.math.parser.Parser - New parser state with At 9 in '12/(1+1)' with value '', waiting for Number final expression compilation.
2024-03-29 12:07:01.097 [main] DEBUG ru.cornivella.discord.math.parser.Parser - New parser state with At 0 in '12/(1+1)' with value '', waiting for Number final expression compilation.
2024-03-29 12:07:45.354 [main] DEBUG ru.cornivella.discord.math.parser.Parser - New parser state with At 3 in '12/(1+1)' with value '', waiting for Number final expression compilation.
2024-03-29 12:07:55.494 [main] DEBUG ru.cornivella.discord.math.parser.Parser - New parser state with At 4 in '12/(1+1)' with value '', waiting for Number final expression compilation.
2024-03-29 12:09:49.931 [main] DEBUG ru.cornivella.discord.math.parser.Parser - New parser state with At 9 in '12/(1+1)' with value '', waiting for Number final expression compilation.
2024-03-29 12:10:30.258 [main] DEBUG ru.cornivella.discord.math.parser.Parser - New parser state with At 0 in '12/(1+1)' with value '', waiting for Number final expression compilation.
2024-03-29 12:10:31.619 [main] DEBUG ru.cornivella.discord.math.parser.Parser - New parser state with At 3 in '12/(1+1)' with value '', waiting for Number final expression compilation.
2024-03-29 12:10:32.152 [main] DEBUG ru.cornivella.discord.math.parser.Parser - New parser state with At 4 in '12/(1+1)' with value '', waiting for Number final expression compilation.
2024-03-29 12:10:35.959 [main] DEBUG ru.cornivella.discord.math.parser.Parser - New parser state with At 9 in '12/(1+1)' with value '', waiting for Number final expression compilation.
2024-03-29 12:11:03.139 [main] DEBUG ru.cornivella.discord.math.parser.Parser - New parser state with At 0 in '12/(1+1)' with value '', waiting for Number final expression compilation.
2024-03-29 12:11:04.840 [main] DEBUG ru.cornivella.discord.math.parser.Parser - New parser state with At 3 in '12/(1+1)' with value '', waiting for Number final expression compilation.
2024-03-29 12:11:05.415 [main] DEBUG ru.cornivella.discord.math.parser.Parser - New parser state with At 4 in '12/(1+1)' with value '', waiting for Number final expression compilation.
2024-03-29 12:14:08.127 [main] DEBUG ru.cornivella.discord.math.parser.Parser - New parser state with At 0 in '12/(1+1)' with value '', waiting for Number final expression compilation.
2024-03-29 12:14:09.225 [main] DEBUG ru.cornivella.discord.math.parser.Parser - New parser state with At 3 in '12/(1+1)' with value '', waiting for Number final expression compilation.
2024-03-29 12:14:09.573 [main] DEBUG ru.cornivella.discord.math.parser.Parser - New parser state with At 4 in '12/(1+1)' with value '', waiting for Number final expression compilation.
2024-03-29 12:14:27.642 [main] DEBUG ru.cornivella.discord.math.parser.Parser - New parser state with At 0 in '1+1' with value '', waiting for Number final expression compilation.
2024-03-29 12:15:00.988 [main] DEBUG ru.cornivella.discord.math.parser.Parser - New parser state with At 0 in '(24/2)/(6*2)' with value '', waiting for Number final expression compilation.
2024-03-29 12:15:01.349 [main] DEBUG ru.cornivella.discord.math.parser.Parser - New parser state with At 1 in '(24/2)/(6*2)' with value '', waiting for Number final expression compilation.
2024-03-29 12:15:03.007 [main] DEBUG ru.cornivella.discord.math.parser.Parser - New parser state with At 4 in '(24/2)/(6*2)' with value '', waiting for Number final expression compilation.
2024-03-29 12:17:19.455 [main] DEBUG ru.cornivella.discord.math.parser.Parser - New parser state with At 0 in '(24/2)/(6*2)' with value '', waiting for Number final expression compilation.
2024-03-29 12:17:19.903 [main] DEBUG ru.cornivella.discord.math.parser.Parser - New parser state with At 1 in '(24/2)/(6*2)' with value '', waiting for Number final expression compilation.
2024-03-29 12:17:21.446 [main] DEBUG ru.cornivella.discord.math.parser.Parser - New parser state with At 4 in '(24/2)/(6*2)' with value '', waiting for Number final expression compilation.
2024-03-29 12:20:04.667 [main] DEBUG ru.cornivella.discord.math.parser.Parser - New parser state with At 0 in '(24/2)/(6*2)' with value '', waiting for Number final expression compilation.
2024-03-29 12:20:05.259 [main] DEBUG ru.cornivella.discord.math.parser.Parser - New parser state with At 1 in '(24/2)/(6*2)' with value '', waiting for Number final expression compilation.
2024-03-29 12:20:06.710 [main] DEBUG ru.cornivella.discord.math.parser.Parser - New parser state with At 4 in '(24/2)/(6*2)' with value '', waiting for Number final expression compilation.
2024-03-29 12:20:09.939 [main] DEBUG ru.cornivella.discord.math.parser.Parser - New parser state with At 8 in '(24/2)/(6*2)' with value '', waiting for Number final expression compilation.
2024-03-29 12:20:12.382 [main] DEBUG ru.cornivella.discord.math.parser.Parser - New parser state with At 10 in '(24/2)/(6*2)' with value '', waiting for Number final expression compilation.
2024-03-29 12:24:37.089 [main] DEBUG ru.cornivella.discord.math.parser.Parser - New parser state with At 0 in '(24/2)/(6*2)' with value '', waiting for Number final expression compilation.
2024-03-29 12:24:37.093 [main] DEBUG ru.cornivella.discord.math.parser.Parser - New parser state with At 1 in '(24/2)/(6*2)' with value '', waiting for Number final expression compilation.
2024-03-29 12:24:37.798 [main] DEBUG ru.cornivella.discord.math.parser.Parser - New parser state with At 4 in '(24/2)/(6*2)' with value '', waiting for Number final expression compilation.
2024-03-29 12:24:38.701 [main] DEBUG ru.cornivella.discord.math.parser.Parser - New parser state with At 7 in '(24/2)/(6*2)' with value '', waiting for Number final expression compilation.
2024-03-29 12:24:38.702 [main] DEBUG ru.cornivella.discord.math.parser.Parser - New parser state with At 8 in '(24/2)/(6*2)' with value '', waiting for Number final expression compilation.
2024-03-29 12:24:40.089 [main] DEBUG ru.cornivella.discord.math.parser.Parser - New parser state with At 10 in '(24/2)/(6*2)' with value '', waiting for Number final expression compilation.
2024-03-29 12:26:30.762 [main] DEBUG ru.cornivella.discord.math.parser.Parser - New parser state with At 0 in '(24/2)/(6*2)' with value '', waiting for Number final expression compilation.
2024-03-29 12:26:30.765 [main] DEBUG ru.cornivella.discord.math.parser.Parser - New parser state with At 1 in '(24/2)/(6*2)' with value '', waiting for Number final expression compilation.
2024-03-29 12:26:31.217 [main] DEBUG ru.cornivella.discord.math.parser.Parser - New parser state with At 4 in '(24/2)/(6*2)' with value '', waiting for Number final expression compilation.
2024-03-29 12:26:31.649 [main] DEBUG ru.cornivella.discord.math.parser.Parser - New parser state with At 7 in '(24/2)/(6*2)' with value '', waiting for Number final expression compilation.
2024-03-29 12:26:31.649 [main] DEBUG ru.cornivella.discord.math.parser.Parser - New parser state with At 8 in '(24/2)/(6*2)' with value '', waiting for Number final expression compilation.
2024-03-29 12:26:32.267 [main] DEBUG ru.cornivella.discord.math.parser.Parser - New parser state with At 10 in '(24/2)/(6*2)' with value '', waiting for Number final expression compilation.
2024-03-29 12:27:04.280 [main] DEBUG ru.cornivella.discord.math.parser.Parser - New parser state with At 0 in '12*(13-2)-4*3*11' with value '', waiting for Number final expression compilation.
2024-03-29 12:27:04.284 [main] DEBUG ru.cornivella.discord.math.parser.Parser - New parser state with At 3 in '12*(13-2)-4*3*11' with value '', waiting for Number final expression compilation.
2024-03-29 12:27:04.284 [main] DEBUG ru.cornivella.discord.math.parser.Parser - New parser state with At 4 in '12*(13-2)-4*3*11' with value '', waiting for Number final expression compilation.
2024-03-29 12:27:04.284 [main] DEBUG ru.cornivella.discord.math.parser.Parser - New parser state with At 12 in '12*(13-2)-4*3*11' with value '', waiting for Number final expression compilation.
2024-03-29 12:27:04.284 [main] DEBUG ru.cornivella.discord.math.parser.Parser - New parser state with At 14 in '12*(13-2)-4*3*11' with value '', waiting for Number final expression compilation.
2024-03-29 12:32:07.729 [main] DEBUG ru.cornivella.discord.math.parser.Parser - New parser state with At 0 in '12*(13-2)-4*3*11' with value '', waiting for Number final expression compilation.
2024-03-29 12:32:08.186 [main] DEBUG ru.cornivella.discord.math.parser.Parser - New parser state with At 3 in '12*(13-2)-4*3*11' with value '', waiting for Number final expression compilation.
2024-03-29 12:32:08.554 [main] DEBUG ru.cornivella.discord.math.parser.Parser - New parser state with At 4 in '12*(13-2)-4*3*11' with value '', waiting for Number final expression compilation.
2024-03-29 12:32:08.905 [main] DEBUG ru.cornivella.discord.math.parser.Parser - New parser state with At 12 in '12*(13-2)-4*3*11' with value '', waiting for Number final expression compilation.
2024-03-29 12:32:09.258 [main] DEBUG ru.cornivella.discord.math.parser.Parser - New parser state with At 14 in '12*(13-2)-4*3*11' with value '', waiting for Number final expression compilation.
2024-03-29 12:34:17.650 [main] DEBUG ru.cornivella.discord.math.parser.Parser - New parser state with At 0 in '12*(13-2)-4*3*11' with value '', waiting for Number final expression compilation.
2024-03-29 12:34:18.931 [main] DEBUG ru.cornivella.discord.math.parser.Parser - New parser state with At 3 in '12*(13-2)-4*3*11' with value '', waiting for Number final expression compilation.
2024-03-29 12:34:19.368 [main] DEBUG ru.cornivella.discord.math.parser.Parser - New parser state with At 4 in '12*(13-2)-4*3*11' with value '', waiting for Number final expression compilation.
2024-03-29 12:35:42.340 [main] DEBUG ru.cornivella.discord.math.parser.Parser - New parser state with At 0 in '12*(13-2)-4*3*11' with value '', waiting for Number final expression compilation.
2024-03-29 12:35:42.936 [main] DEBUG ru.cornivella.discord.math.parser.Parser - New parser state with At 3 in '12*(13-2)-4*3*11' with value '', waiting for Number final expression compilation.
2024-03-29 12:35:47.578 [main] DEBUG ru.cornivella.discord.math.parser.Parser - New parser state with At 4 in '12*(13-2)-4*3*11' with value '', waiting for Number final expression compilation.
2024-03-29 12:35:48.714 [main] DEBUG ru.cornivella.discord.math.parser.Parser - New parser state with At 12 in '12*(13-2)-4*3*11' with value '', waiting for Number final expression compilation.
2024-03-29 12:35:49.360 [main] DEBUG ru.cornivella.discord.math.parser.Parser - New parser state with At 14 in '12*(13-2)-4*3*11' with value '', waiting for Number final expression compilation.
2024-03-29 12:45:05.742 [main] DEBUG ru.cornivella.discord.math.parser.Parser - New parser state with At 0 in '12*(13-2)-4*3*11' with value '', waiting for Number final expression compilation.
2024-03-29 12:45:06.251 [main] DEBUG ru.cornivella.discord.math.parser.Parser - New parser state with At 3 in '12*(13-2)-4*3*11' with value '', waiting for Number final expression compilation.
2024-03-29 12:45:06.549 [main] DEBUG ru.cornivella.discord.math.parser.Parser - New parser state with At 4 in '12*(13-2)-4*3*11' with value '', waiting for Number final expression compilation.
2024-03-29 12:49:58.416 [main] DEBUG ru.cornivella.discord.math.parser.Parser - New parser state with At 0 in '12*(13-2)-4*3*11' with value '', waiting for Number final expression compilation.
2024-03-29 12:49:58.897 [main] DEBUG ru.cornivella.discord.math.parser.Parser - New parser state with At 3 in '12*(13-2)-4*3*11' with value '', waiting for Number final expression compilation.
2024-03-29 12:49:59.674 [main] DEBUG ru.cornivella.discord.math.parser.Parser - New parser state with At 4 in '12*(13-2)-4*3*11' with value '', waiting for Number final expression compilation.
2024-03-29 12:50:19.356 [main] DEBUG ru.cornivella.discord.math.parser.Parser - New parser state with At 0 in '12*(13-2)-4*3*11' with value '', waiting for Number final expression compilation.
2024-03-29 12:50:20.010 [main] DEBUG ru.cornivella.discord.math.parser.Parser - New parser state with At 3 in '12*(13-2)-4*3*11' with value '', waiting for Number final expression compilation.
2024-03-29 12:50:20.539 [main] DEBUG ru.cornivella.discord.math.parser.Parser - New parser state with At 4 in '12*(13-2)-4*3*11' with value '', waiting for Number final expression compilation.
2024-03-29 12:53:31.736 [main] DEBUG ru.cornivella.discord.math.parser.Parser - New parser state with At 0 in '12*(13-2)-4*3*11' with value '', waiting for Number final expression compilation.
2024-03-29 12:53:32.280 [main] DEBUG ru.cornivella.discord.math.parser.Parser - New parser state with At 3 in '12*(13-2)-4*3*11' with value '', waiting for Number final expression compilation.
2024-03-29 12:53:32.751 [main] DEBUG ru.cornivella.discord.math.parser.Parser - New parser state with At 4 in '12*(13-2)-4*3*11' with value '', waiting for Number final expression compilation.
